{
  "Id":0,
  "OrgId":2,
  "ProjectId":9,
  "ApplicationId":2,
  "EnvironmentId":2,
  "VMRolesId":1,
  "VMNamelist": [
    {
      "vmId":4,   
      "VMName":"Quali_QualiAppl1_DevEnvironment_Webserver_4",
      "hostFQDN":"ec2-13-127-17-148.ap-south-1.compute.amazonaws.com",
      "Vmstatus":"running"
    },
    {
      "vmId":5,   
      "VMName":"Quali_QualiAppl1_DevEnvironment_Webserver_5",
      "hostFQDN":"ec2-35-154-126-16.ap-south-1.compute.amazonaws.com",
      "Vmstatus":"running"
    },
 ],
  "Status": "HostProvisionFailed"   
}
